01-Android/app/build/manifest_merge_blame_file/debug/manifest-merger-blame-debug-report.txt
1<?xml version="1.0" encoding="utf-8"?>
2<manifest xmlns:android="http://schemas.android.com/apk/res/android"
3    package="com.example.movilescomp2023a"
4    android:versionCode="1"
5    android:versionName="1.0" >
6
7    <uses-sdk
8        android:minSdkVersion="24"
8-->src\main\AndroidManifest.xml
9        android:targetSdkVersion="33" />
9-->src\main\AndroidManifest.xml
10
11    <application
11-->src\main\AndroidManifest.xml:5:5-80:19
12        android:allowBackup="true"
12-->src\main\AndroidManifest.xml:6:9-35
13        android:appComponentFactory="androidx.core.app.CoreComponentFactory"
13-->[androidx.core:core:1.8.0] AndroidManifest.xml:24:18-86
14        android:dataExtractionRules="@xml/data_extraction_rules"
14-->src\main\AndroidManifest.xml:7:9-65
15        android:debuggable="true"
16        android:extractNativeLibs="false"
17        android:fullBackupContent="@xml/backup_rules"
17-->src\main\AndroidManifest.xml:8:9-54
18        android:icon="@mipmap/ic_launcher"
18-->src\main\AndroidManifest.xml:9:9-43
19        android:label="@string/app_name"
19-->src\main\AndroidManifest.xml:10:9-41
20        android:roundIcon="@mipmap/ic_launcher_round"
20-->src\main\AndroidManifest.xml:11:9-54
21        android:supportsRtl="true"
21-->src\main\AndroidManifest.xml:12:9-35
22        android:theme="@style/Theme.MovilesComp2023A" >
22-->src\main\AndroidManifest.xml:13:9-54
23        <activity
23-->src\main\AndroidManifest.xml:15:9-21:20
24            android:name="com.example.movilescomp2023a.FRecyclerView"
24-->src\main\AndroidManifest.xml:16:13-42
25            android:exported="false" >
25-->src\main\AndroidManifest.xml:17:13-37
26            <meta-data
26-->src\main\AndroidManifest.xml:18:13-20:36
27                android:name="android.app.lib_name"
27-->src\main\AndroidManifest.xml:19:17-52
28                android:value="" />
28-->src\main\AndroidManifest.xml:20:17-33
29        </activity>
30        <activity
30-->src\main\AndroidManifest.xml:22:9-28:20
31            android:name="com.example.movilescomp2023a.ECrudEntrenador"
31-->src\main\AndroidManifest.xml:23:13-44
32            android:exported="false" >
32-->src\main\AndroidManifest.xml:24:13-37
33            <meta-data
33-->src\main\AndroidManifest.xml:18:13-20:36
34                android:name="android.app.lib_name"
34-->src\main\AndroidManifest.xml:19:17-52
35                android:value="" />
35-->src\main\AndroidManifest.xml:20:17-33
36        </activity>
37        <activity
37-->src\main\AndroidManifest.xml:29:9-43:20
38            android:name="com.example.movilescomp2023a.CIntentExplicitoParametros"
38-->src\main\AndroidManifest.xml:30:13-55
39            android:exported="false" >
39-->src\main\AndroidManifest.xml:31:13-37
40            <intent-filter>
40-->src\main\AndroidManifest.xml:32:13-38:29
41                <action android:name="android.intent.action.SEND" />
41-->src\main\AndroidManifest.xml:33:17-69
41-->src\main\AndroidManifest.xml:33:25-66
42
43                <category android:name="android.intent.category.DEFAULT" />
43-->src\main\AndroidManifest.xml:35:17-76
43-->src\main\AndroidManifest.xml:35:27-73
44
45                <data android:mimeType="text/plain" />
45-->src\main\AndroidManifest.xml:37:17-55
45-->src\main\AndroidManifest.xml:37:23-52
46            </intent-filter>
47
48            <meta-data
48-->src\main\AndroidManifest.xml:18:13-20:36
49                android:name="android.app.lib_name"
49-->src\main\AndroidManifest.xml:19:17-52
50                android:value="" />
50-->src\main\AndroidManifest.xml:20:17-33
51        </activity>
52        <activity
52-->src\main\AndroidManifest.xml:44:9-50:20
53            android:name="com.example.movilescomp2023a.BListView"
53-->src\main\AndroidManifest.xml:45:13-38
54            android:exported="false" >
54-->src\main\AndroidManifest.xml:46:13-37
55            <meta-data
55-->src\main\AndroidManifest.xml:18:13-20:36
56                android:name="android.app.lib_name"
56-->src\main\AndroidManifest.xml:19:17-52
57                android:value="" />
57-->src\main\AndroidManifest.xml:20:17-33
58        </activity>
59        <activity
59-->src\main\AndroidManifest.xml:51:9-59:20
60            android:name="com.example.movilescomp2023a.AACicloVida"
60-->src\main\AndroidManifest.xml:52:13-40
61            android:exported="false"
61-->src\main\AndroidManifest.xml:53:13-37
62            android:label="@string/title_activity_aaciclo_vida"
62-->src\main\AndroidManifest.xml:54:13-64
63            android:theme="@style/Theme.MovilesComp2023A.NoActionBar" >
63-->src\main\AndroidManifest.xml:55:13-70
64            <meta-data
64-->src\main\AndroidManifest.xml:18:13-20:36
65                android:name="android.app.lib_name"
65-->src\main\AndroidManifest.xml:19:17-52
66                android:value="" />
66-->src\main\AndroidManifest.xml:20:17-33
67        </activity>
68        <activity
68-->src\main\AndroidManifest.xml:60:9-66:20
69            android:name="com.example.movilescomp2023a.ACicloVida"
69-->src\main\AndroidManifest.xml:61:13-39
70            android:exported="false" >
70-->src\main\AndroidManifest.xml:62:13-37
71            <meta-data
71-->src\main\AndroidManifest.xml:18:13-20:36
72                android:name="android.app.lib_name"
72-->src\main\AndroidManifest.xml:19:17-52
73                android:value="" />
73-->src\main\AndroidManifest.xml:20:17-33
74        </activity>
75        <activity
75-->src\main\AndroidManifest.xml:67:9-79:20
76            android:name="com.example.movilescomp2023a.MainActivity"
76-->src\main\AndroidManifest.xml:68:13-41
77            android:exported="true" >
77-->src\main\AndroidManifest.xml:69:13-36
78            <intent-filter>
78-->src\main\AndroidManifest.xml:70:13-74:29
79                <action android:name="android.intent.action.MAIN" />
79-->src\main\AndroidManifest.xml:71:17-69
79-->src\main\AndroidManifest.xml:71:25-66
80
81                <category android:name="android.intent.category.LAUNCHER" />
81-->src\main\AndroidManifest.xml:73:17-77
81-->src\main\AndroidManifest.xml:73:27-74
82            </intent-filter>
83
84            <meta-data
84-->src\main\AndroidManifest.xml:18:13-20:36
85                android:name="android.app.lib_name"
85-->src\main\AndroidManifest.xml:19:17-52
86                android:value="" />
86-->src\main\AndroidManifest.xml:20:17-33
87        </activity>
88
89        <provider
89-->[androidx.emoji2:emoji2:1.2.0] AndroidManifest.xml:24:9-32:20
90            android:name="androidx.startup.InitializationProvider"
90-->[androidx.emoji2:emoji2:1.2.0] AndroidManifest.xml:25:13-67
91            android:authorities="com.example.movilescomp2023a.androidx-startup"
91-->[androidx.emoji2:emoji2:1.2.0] AndroidManifest.xml:26:13-68
92            android:exported="false" >
92-->[androidx.emoji2:emoji2:1.2.0] AndroidManifest.xml:27:13-37
93            <meta-data
93-->[androidx.emoji2:emoji2:1.2.0] AndroidManifest.xml:29:13-31:52
94                android:name="androidx.emoji2.text.EmojiCompatInitializer"
94-->[androidx.emoji2:emoji2:1.2.0] AndroidManifest.xml:30:17-75
95                android:value="androidx.startup" />
95-->[androidx.emoji2:emoji2:1.2.0] AndroidManifest.xml:31:17-49
96            <meta-data
96-->[androidx.lifecycle:lifecycle-process:2.6.1] AndroidManifest.xml:29:13-31:52
97                android:name="androidx.lifecycle.ProcessLifecycleInitializer"
97-->[androidx.lifecycle:lifecycle-process:2.6.1] AndroidManifest.xml:30:17-78
98                android:value="androidx.startup" />
98-->[androidx.lifecycle:lifecycle-process:2.6.1] AndroidManifest.xml:31:17-49
99            <meta-data
99-->[androidx.profileinstaller:profileinstaller:1.3.0] AndroidManifest.xml:29:13-31:52
100                android:name="androidx.profileinstaller.ProfileInstallerInitializer"
100-->[androidx.profileinstaller:profileinstaller:1.3.0] AndroidManifest.xml:30:17-85
101                android:value="androidx.startup" />
101-->[androidx.profileinstaller:profileinstaller:1.3.0] AndroidManifest.xml:31:17-49
102        </provider>
103
104        <uses-library
104-->[androidx.window:window:1.0.0] AndroidManifest.xml:25:9-27:40
105            android:name="androidx.window.extensions"
105-->[androidx.window:window:1.0.0] AndroidManifest.xml:26:13-54
106            android:required="false" />
106-->[androidx.window:window:1.0.0] AndroidManifest.xml:27:13-37
107        <uses-library
107-->[androidx.window:window:1.0.0] AndroidManifest.xml:28:9-30:40
108            android:name="androidx.window.sidecar"
108-->[androidx.window:window:1.0.0] AndroidManifest.xml:29:13-51
109            android:required="false" />
109-->[androidx.window:window:1.0.0] AndroidManifest.xml:30:13-37
110
111        <receiver
111-->[androidx.profileinstaller:profileinstaller:1.3.0] AndroidManifest.xml:34:9-52:20
112            android:name="androidx.profileinstaller.ProfileInstallReceiver"
112-->[androidx.profileinstaller:profileinstaller:1.3.0] AndroidManifest.xml:35:13-76
113            android:directBootAware="false"
113-->[androidx.profileinstaller:profileinstaller:1.3.0] AndroidManifest.xml:36:13-44
114            android:enabled="true"
114-->[androidx.profileinstaller:profileinstaller:1.3.0] AndroidManifest.xml:37:13-35
115            android:exported="true"
115-->[androidx.profileinstaller:profileinstaller:1.3.0] AndroidManifest.xml:38:13-36
116            android:permission="android.permission.DUMP" >
116-->[androidx.profileinstaller:profileinstaller:1.3.0] AndroidManifest.xml:39:13-57
117            <intent-filter>
117-->[androidx.profileinstaller:profileinstaller:1.3.0] AndroidManifest.xml:40:13-42:29
118                <action android:name="androidx.profileinstaller.action.INSTALL_PROFILE" />
118-->[androidx.profileinstaller:profileinstaller:1.3.0] AndroidManifest.xml:41:17-91
118-->[androidx.profileinstaller:profileinstaller:1.3.0] AndroidManifest.xml:41:25-88
119            </intent-filter>
120            <intent-filter>
120-->[androidx.profileinstaller:profileinstaller:1.3.0] AndroidManifest.xml:43:13-45:29
121                <action android:name="androidx.profileinstaller.action.SKIP_FILE" />
121-->[androidx.profileinstaller:profileinstaller:1.3.0] AndroidManifest.xml:44:17-85
121-->[androidx.profileinstaller:profileinstaller:1.3.0] AndroidManifest.xml:44:25-82
122            </intent-filter>
123            <intent-filter>
123-->[androidx.profileinstaller:profileinstaller:1.3.0] AndroidManifest.xml:46:13-48:29
124                <action android:name="androidx.profileinstaller.action.SAVE_PROFILE" />
124-->[androidx.profileinstaller:profileinstaller:1.3.0] AndroidManifest.xml:47:17-88
124-->[androidx.profileinstaller:profileinstaller:1.3.0] AndroidManifest.xml:47:25-85
125            </intent-filter>
126            <intent-filter>
126-->[androidx.profileinstaller:profileinstaller:1.3.0] AndroidManifest.xml:49:13-51:29
127                <action android:name="androidx.profileinstaller.action.BENCHMARK_OPERATION" />
127-->[androidx.profileinstaller:profileinstaller:1.3.0] AndroidManifest.xml:50:17-95
127-->[androidx.profileinstaller:profileinstaller:1.3.0] AndroidManifest.xml:50:25-92
128            </intent-filter>
129        </receiver>
130    </application>
131
132</manifest>